[20:53:45] [ServerMain/INFO]: [bootstrap] Running Java 23 (Java HotSpot(TM) 64-Bit Server VM 23.0.2+7-58; Oracle Corporation null) on Windows 11 10.0 (amd64)
[20:53:45] [ServerMain/INFO]: [bootstrap] Loading Paper 1.21.4-230-ver/1.21.4@af71568 (2025-05-11T20:55:55Z) for Minecraft 1.21.4
[20:53:45] [ServerMain/INFO]: [PluginInitializerManager] Initializing plugins...
[20:53:45] [ServerMain/INFO]: [PluginInitializerManager] Initialized 1 plugin
[20:53:45] [ServerMain/INFO]: [PluginInitializerManager] Paper plugins (1):
 - CustomMobPlugin (1.0)
[20:53:48] [ServerMain/INFO]: Environment: Environment[sessionHost=https://sessionserver.mojang.com, servicesHost=https://api.minecraftservices.com, name=PROD]
[20:53:49] [ServerMain/INFO]: Loaded 1370 recipes
[20:53:49] [ServerMain/INFO]: Loaded 1481 advancements
[20:53:49] [ServerMain/INFO]: [MCTypeRegistry] Initialising converters for DataConverter...
[20:53:49] [ServerMain/INFO]: [MCTypeRegistry] Finished initialising converters for DataConverter in 121,4ms
[20:53:50] [Server thread/INFO]: Starting minecraft server version 1.21.4
[20:53:50] [Server thread/INFO]: Loading properties
[20:53:50] [Server thread/INFO]: This server is running Paper version 1.21.4-230-ver/1.21.4@af71568 (2025-05-11T20:55:55Z) (Implementing API version 1.21.4-R0.1-SNAPSHOT)
[20:53:50] [Server thread/INFO]: [spark] This server bundles the spark profiler. For more information please visit https://docs.papermc.io/paper/profiling
[20:53:50] [Server thread/INFO]: Server Ping Player Sample Count: 12
[20:53:50] [Server thread/INFO]: Using 4 threads for Netty based IO
[20:53:50] [Server thread/INFO]: [MoonriseCommon] Paper is using 7 worker threads, 1 I/O threads
[20:53:50] [Server thread/INFO]: [ChunkTaskScheduler] Chunk system is using population gen parallelism: true
[20:53:51] [Server thread/INFO]: Default game type: SURVIVAL
[20:53:51] [Server thread/INFO]: Generating keypair
[20:53:51] [Server thread/INFO]: Starting Minecraft server on *:25565
[20:53:51] [Server thread/INFO]: Using default channel type
[20:53:51] [Server thread/INFO]: Paper: Using Java compression from Velocity.
[20:53:51] [Server thread/INFO]: Paper: Using Java cipher from Velocity.
[20:53:51] [Server thread/INFO]: [CustomMobPlugin] Loading server plugin CustomMobPlugin v1.0
[20:53:51] [Server thread/INFO]: Server permissions file permissions.yml is empty, ignoring it
[20:53:51] [Server thread/WARN]: **** SERVER IS RUNNING IN OFFLINE/INSECURE MODE!
[20:53:51] [Server thread/WARN]: The server will make no attempt to authenticate usernames. Beware.
[20:53:51] [Server thread/WARN]: While this makes the game possible to play without internet access, it also opens up the ability for hackers to connect with any username they choose.
[20:53:51] [Server thread/WARN]: To change this, set "online-mode" to "true" in the server.properties file.
[20:53:51] [Server thread/INFO]: Preparing level "world"
[20:53:51] [Server thread/INFO]: Preparing start region for dimension minecraft:overworld
[20:53:52] [Server thread/INFO]: Preparing spawn area: 0%
[20:53:52] [Server thread/INFO]: Preparing spawn area: 0%
[20:53:52] [Server thread/INFO]: Time elapsed: 906 ms
[20:53:52] [Server thread/INFO]: Preparing start region for dimension minecraft:the_nether
[20:53:52] [Server thread/INFO]: Preparing spawn area: 0%
[20:53:52] [Server thread/INFO]: Time elapsed: 154 ms
[20:53:52] [Server thread/INFO]: Preparing start region for dimension minecraft:the_end
[20:53:52] [Server thread/INFO]: Preparing spawn area: 0%
[20:53:53] [Server thread/INFO]: Time elapsed: 94 ms
[20:53:53] [Server thread/INFO]: [CustomMobPlugin] Enabling CustomMobPlugin v1.0
[20:53:53] [Server thread/INFO]: [spark] Starting background profiler...
[20:53:53] [Server thread/INFO]: [spark] The async-profiler engine is not supported for your os/arch (windows11/amd64), so the built-in Java engine will be used instead.
[20:53:53] [Server thread/INFO]: Done preparing level "world" (2.051s)
[20:53:53] [Server thread/INFO]: Running delayed init tasks
[20:53:53] [Server thread/INFO]: Done (9.003s)! For help, type "help"
[20:53:59] [User Authenticator #0/INFO]: UUID of player pintaogrosso is 1fd0b65e-3253-3a77-a037-11997e984a0a
[20:53:59] [Server thread/INFO]: pintaogrosso joined the game
[20:53:59] [Server thread/INFO]: pintaogrosso[/127.0.0.1:57998] logged in with entity id 111 at ([world]-51.2777613561747, 77.44864555200857, 527.8484991321315)
[20:54:17] [Server thread/INFO]: pintaogrosso issued server command: /effect give @p str
[20:54:21] [Server thread/INFO]: pintaogrosso issued server command: /effect give @p minecraft:strength infinite 255
[20:54:21] [Server thread/INFO]: [pintaogrosso: Applied effect Strength to pintaogrosso]
[20:54:24] [Server thread/INFO]: Named entity Zombie['Zumbi'/4, uuid='3406a0d6-ace8-47be-8f23-ca2fee142fb9', l='ServerLevel[world]', x=-60.37, y=71.00, z=504.79, cpos=[-4, 31], tl=613, v=true] died: Zumbi was slain by pintaogrosso
[20:54:27] [Server thread/INFO]: pintaogrosso issued server command: /customMob 1
[20:54:29] [Server thread/INFO]: Named entity Zombie['Zumbi'/439, uuid='54c63a6e-7d3d-4863-bc20-4624beab5db4', l='ServerLevel[world]', x=-59.61, y=71.00, z=508.69, cpos=[-4, 31], tl=36, v=true] died: Zumbi was slain by pintaogrosso
[20:55:22] [Server thread/INFO]: pintaogrosso issued server command: /gamemode survival
[20:55:22] [Server thread/INFO]: [pintaogrosso: Set own game mode to Survival Mode]
[20:55:28] [Server thread/INFO]: pintaogrosso issued server command: /summon iron
[20:55:30] [Server thread/INFO]: pintaogrosso issued server command: /summon minecraft:iron_golem
[20:55:30] [Server thread/INFO]: [pintaogrosso: Summoned new Iron Golem]
[20:55:32] [Server thread/INFO]: pintaogrosso has made the advancement [Acquire Hardware]
[20:55:36] [Server thread/INFO]: pintaogrosso issued server command: /effect clear
[20:55:36] [Server thread/INFO]: [pintaogrosso: Removed every effect from pintaogrosso]
[20:55:38] [Server thread/INFO]: pintaogrosso issued server command: /summon minecraft:iron_golem
[20:55:38] [Server thread/INFO]: [pintaogrosso: Summoned new Iron Golem]
